[2m8:46:23 AM[22m [33m[1m[vite][22m[39m [33m[2m(client)[22m[39m [2m[console.warn] [22mTHREE.Clock: This module has been deprecated. Please use THREE.Timer instead.
file:///D:/MARK7%20TECHNOLOGIES/node_modules/vinext/dist/server/socket-error-backstop.js:114
		throw err;
		^

Error: EBUSY: resource busy or locked, watch 'D:\MARK7 TECHNOLOGIES\tmp\pdfs\mark56-review\Mark56_Complete_Project_Overview.pdf'
    at FSWatcher.<computed> (node:internal/fs/watchers:321:19)
    at Object.watch (node:fs:2548:36)
    at createFsWatchInstance (file:///D:/MARK7%20TECHNOLOGIES/node_modules/vite/dist/node/chunks/node.js:8497:16)
    at setFsWatchListener (file:///D:/MARK7%20TECHNOLOGIES/node_modules/vite/dist/node/chunks/node.js:8539:14)
    at NodeFsHandler._watchWithNodeFs (file:///D:/MARK7%20TECHNOLOGIES/node_modules/vite/dist/node/chunks/node.js:8653:20)
    at NodeFsHandler._handleFile (file:///D:/MARK7%20TECHNOLOGIES/node_modules/vite/dist/node/chunks/node.js:8697:24)
    at NodeFsHandler._addToNodeFs (file:///D:/MARK7%20TECHNOLOGIES/node_modules/vite/dist/node/chunks/node.js:8871:26)
Emitted 'error' event on FSWatcher instance at:
    at FSWatcher._handleError (file:///D:/MARK7%20TECHNOLOGIES/node_modules/vite/dist/node/chunks/node.js:9670:146)
    at NodeFsHandler._addToNodeFs (file:///D:/MARK7%20TECHNOLOGIES/node_modules/vite/dist/node/chunks/node.js:8876:18) {
  errno: -4082,
  syscall: 'watch',
  code: 'EBUSY',
  path: 'D:\\MARK7 TECHNOLOGIES\\tmp\\pdfs\\mark56-review\\Mark56_Complete_Project_Overview.pdf',
  filename: 'D:\\MARK7 TECHNOLOGIES\\tmp\\pdfs\\mark56-review\\Mark56_Complete_Project_Overview.pdf'
}

Node.js v24.18.0
