
> site-creator-vinext-starter@0.1.0 dev
> vinext dev


  vinext dev  (Vite 8.0.13)

[2m7:38:41 AM[22m [36m[1m[vite][22m[39m [34m[2m(rsc)[22m[39m [optimizer] scanning dependencies...
[2m7:38:41 AM[22m [36m[1m[vite][22m[39m [34m[2m(ssr)[22m[39m [optimizer] scanning dependencies...
[2m7:38:43 AM[22m [36m[1m[vite][22m[39m [34m[2m(ssr)[22m[39m [optimizer] bundling dependencies...
[2m7:38:43 AM[22m [36m[1m[vite][22m[39m [34m[2m(rsc)[22m[39m [optimizer] bundling dependencies...
Port 3000 is in use, trying another one...
Port 3001 is in use, trying another one...
  [32m➜[39m  [1mLocal[22m:   [36mhttp://localhost:[1m3002[22m/[39m
  [32m➜[39m  [1mDebug[22m:   [2m[33mhttp://localhost:[1m3002[22m[2m/__debug[39m[22m
[2m7:38:59 AM[22m [36m[1m[vite][22m[39m [90m[2m(client)[22m[39m [optimizer] bundling dependencies...
[2m7:39:14 AM[22m [36m[1m[vite][22m[39m [34m[2m(rsc)[22m[39m [32mhmr update [39m[2m/app/globals.css[22m
[2m7:39:14 AM[22m [36m[1m[vite][22m[39m [34m[2m(rsc)[22m[39m [32mhmr update [39m[2m/app/globals.css[22m
[2m7:39:14 AM[22m [36m[1m[vite][22m[39m [34m[2m(rsc)[22m[39m [32mhmr update [39m[2m/app/globals.css[22m
[2m7:39:14 AM[22m [36m[1m[vite][22m[39m [34m[2m(rsc)[22m[39m [32mhmr update [39m[2m/app/globals.css[22m
[2m7:39:16 AM[22m [36m[1m[vite][22m[39m [34m[2m(rsc)[22m[39m [32mhmr update [39m[2m/app/globals.css[22m
[2m7:39:16 AM[22m [36m[1m[vite][22m[39m [34m[2m(rsc)[22m[39m [32mhmr update [39m[2m/app/globals.css[22m
[2m7:39:16 AM[22m [36m[1m[vite][22m[39m [34m[2m(rsc)[22m[39m [32mhmr update [39m[2m/app/globals.css[22m
[2m7:39:16 AM[22m [36m[1m[vite][22m[39m [34m[2m(rsc)[22m[39m [32mhmr update [39m[2m/app/globals.css[22m
[2m7:39:44 AM[22m [36m[1m[vite][22m[39m [34m[2m(rsc)[22m[39m [32mhmr update [39m[2m/app/globals.css[22m
[2m7:39:44 AM[22m [36m[1m[vite][22m[39m [34m[2m(rsc)[22m[39m [32mhmr update [39m[2m/app/globals.css[22m
[2m7:39:44 AM[22m [36m[1m[vite][22m[39m [34m[2m(rsc)[22m[39m [32mhmr update [39m[2m/app/globals.css[22m
[2m7:39:44 AM[22m [36m[1m[vite][22m[39m [34m[2m(rsc)[22m[39m [32mhmr update [39m[2m/app/globals.css[22m
[2m7:39:46 AM[22m [36m[1m[vite][22m[39m [34m[2m(rsc)[22m[39m [32mhmr update [39m[2m/app/globals.css[22m
[2m7:39:46 AM[22m [36m[1m[vite][22m[39m [34m[2m(rsc)[22m[39m [32mhmr update [39m[2m/app/globals.css[22m
[2m7:39:46 AM[22m [36m[1m[vite][22m[39m [34m[2m(rsc)[22m[39m [32mhmr update [39m[2m/app/globals.css[22m
[2m7:39:46 AM[22m [36m[1m[vite][22m[39m [34m[2m(rsc)[22m[39m [32mhmr update [39m[2m/app/globals.css[22m
[2m7:40:14 AM[22m [36m[1m[vite][22m[39m [34m[2m(rsc)[22m[39m [32mhmr update [39m[2m/app/globals.css[22m
[2m7:40:14 AM[22m [36m[1m[vite][22m[39m [34m[2m(rsc)[22m[39m [32mhmr update [39m[2m/app/globals.css[22m
[2m7:40:14 AM[22m [36m[1m[vite][22m[39m [34m[2m(rsc)[22m[39m [32mhmr update [39m[2m/app/globals.css[22m
[2m7:40:14 AM[22m [36m[1m[vite][22m[39m [34m[2m(rsc)[22m[39m [32mhmr update [39m[2m/app/globals.css[22m
 GET / 200 in 21.9s (compile: 1784385514.5s, render: 21.2s)
 GET /services 200 in 637ms (compile: 1784385514.2s, render: 249ms)
 GET /products 200 in 200ms (compile: 1784385513.9s, render: 168ms)
 GET /industries 200 in 203ms (compile: 1784385513.9s, render: 164ms)
 GET /process 200 in 215ms (compile: 1784385513.9s, render: 169ms)
[2m7:40:44 AM[22m [36m[1m[vite][22m[39m [34m[2m(rsc)[22m[39m [32mhmr update [39m[2m/app/globals.css[22m
[2m7:40:44 AM[22m [36m[1m[vite][22m[39m [34m[2m(rsc)[22m[39m [32mhmr update [39m[2m/app/globals.css[22m
[2m7:40:44 AM[22m [36m[1m[vite][22m[39m [34m[2m(rsc)[22m[39m [32mhmr update [39m[2m/app/globals.css[22m
[2m7:40:44 AM[22m [36m[1m[vite][22m[39m [34m[2m(rsc)[22m[39m [32mhmr update [39m[2m/app/globals.css[22m
[2m7:41:14 AM[22m [36m[1m[vite][22m[39m [34m[2m(rsc)[22m[39m [32mhmr update [39m[2m/app/globals.css[22m
[2m7:41:14 AM[22m [36m[1m[vite][22m[39m [34m[2m(rsc)[22m[39m [32mhmr update [39m[2m/app/globals.css[22m
[2m7:41:14 AM[22m [36m[1m[vite][22m[39m [34m[2m(rsc)[22m[39m [32mhmr update [39m[2m/app/globals.css[22m
[2m7:41:14 AM[22m [36m[1m[vite][22m[39m [34m[2m(rsc)[22m[39m [32mhmr update [39m[2m/app/globals.css[22m
[2m7:41:44 AM[22m [36m[1m[vite][22m[39m [34m[2m(rsc)[22m[39m [32mhmr update [39m[2m/app/globals.css[22m
[2m7:41:44 AM[22m [36m[1m[vite][22m[39m [34m[2m(rsc)[22m[39m [32mhmr update [39m[2m/app/globals.css[22m
[2m7:41:44 AM[22m [36m[1m[vite][22m[39m [34m[2m(rsc)[22m[39m [32mhmr update [39m[2m/app/globals.css[22m
[2m7:41:44 AM[22m [36m[1m[vite][22m[39m [34m[2m(rsc)[22m[39m [32mhmr update [39m[2m/app/globals.css[22m
[2m7:42:14 AM[22m [36m[1m[vite][22m[39m [34m[2m(rsc)[22m[39m [32mhmr update [39m[2m/app/globals.css[22m
[2m7:42:14 AM[22m [36m[1m[vite][22m[39m [34m[2m(rsc)[22m[39m [32mhmr update [39m[2m/app/globals.css[22m
[2m7:42:14 AM[22m [36m[1m[vite][22m[39m [34m[2m(rsc)[22m[39m [32mhmr update [39m[2m/app/globals.css[22m
[2m7:42:14 AM[22m [36m[1m[vite][22m[39m [34m[2m(rsc)[22m[39m [32mhmr update [39m[2m/app/globals.css[22m
[2m7:42:44 AM[22m [36m[1m[vite][22m[39m [34m[2m(rsc)[22m[39m [32mhmr update [39m[2m/app/globals.css[22m
[2m7:42:44 AM[22m [36m[1m[vite][22m[39m [34m[2m(rsc)[22m[39m [32mhmr update [39m[2m/app/globals.css[22m
[2m7:42:44 AM[22m [36m[1m[vite][22m[39m [34m[2m(rsc)[22m[39m [32mhmr update [39m[2m/app/globals.css[22m
[2m7:42:44 AM[22m [36m[1m[vite][22m[39m [34m[2m(rsc)[22m[39m [32mhmr update [39m[2m/app/globals.css[22m
[2m7:43:14 AM[22m [36m[1m[vite][22m[39m [34m[2m(rsc)[22m[39m [32mhmr update [39m[2m/app/globals.css[22m
[2m7:43:14 AM[22m [36m[1m[vite][22m[39m [34m[2m(rsc)[22m[39m [32mhmr update [39m[2m/app/globals.css[22m
[2m7:43:14 AM[22m [36m[1m[vite][22m[39m [34m[2m(rsc)[22m[39m [32mhmr update [39m[2m/app/globals.css[22m
[2m7:43:14 AM[22m [36m[1m[vite][22m[39m [34m[2m(rsc)[22m[39m [32mhmr update [39m[2m/app/globals.css[22m
[2m7:43:44 AM[22m [36m[1m[vite][22m[39m [34m[2m(rsc)[22m[39m [32mhmr update [39m[2m/app/globals.css[22m
[2m7:43:44 AM[22m [36m[1m[vite][22m[39m [34m[2m(rsc)[22m[39m [32mhmr update [39m[2m/app/globals.css[22m
[2m7:43:44 AM[22m [36m[1m[vite][22m[39m [34m[2m(rsc)[22m[39m [32mhmr update [39m[2m/app/globals.css[22m
[2m7:43:44 AM[22m [36m[1m[vite][22m[39m [34m[2m(rsc)[22m[39m [32mhmr update [39m[2m/app/globals.css[22m
[2m7:44:14 AM[22m [36m[1m[vite][22m[39m [34m[2m(rsc)[22m[39m [32mhmr update [39m[2m/app/globals.css[22m
[2m7:44:14 AM[22m [36m[1m[vite][22m[39m [34m[2m(rsc)[22m[39m [32mhmr update [39m[2m/app/globals.css[22m
[2m7:44:14 AM[22m [36m[1m[vite][22m[39m [34m[2m(rsc)[22m[39m [32mhmr update [39m[2m/app/globals.css[22m
[2m7:44:14 AM[22m [36m[1m[vite][22m[39m [34m[2m(rsc)[22m[39m [32mhmr update [39m[2m/app/globals.css[22m
[2m7:44:44 AM[22m [36m[1m[vite][22m[39m [34m[2m(rsc)[22m[39m [32mhmr update [39m[2m/app/globals.css[22m
[2m7:44:44 AM[22m [36m[1m[vite][22m[39m [34m[2m(rsc)[22m[39m [32mhmr update [39m[2m/app/globals.css[22m
[2m7:44:44 AM[22m [36m[1m[vite][22m[39m [34m[2m(rsc)[22m[39m [32mhmr update [39m[2m/app/globals.css[22m
[2m7:44:44 AM[22m [36m[1m[vite][22m[39m [34m[2m(rsc)[22m[39m [32mhmr update [39m[2m/app/globals.css[22m
[2m7:45:14 AM[22m [36m[1m[vite][22m[39m [34m[2m(rsc)[22m[39m [32mhmr update [39m[2m/app/globals.css[22m
[2m7:45:14 AM[22m [36m[1m[vite][22m[39m [34m[2m(rsc)[22m[39m [32mhmr update [39m[2m/app/globals.css[22m
[2m7:45:14 AM[22m [36m[1m[vite][22m[39m [34m[2m(rsc)[22m[39m [32mhmr update [39m[2m/app/globals.css[22m
[2m7:45:14 AM[22m [36m[1m[vite][22m[39m [34m[2m(rsc)[22m[39m [32mhmr update [39m[2m/app/globals.css[22m
[2m7:45:44 AM[22m [36m[1m[vite][22m[39m [34m[2m(rsc)[22m[39m [32mhmr update [39m[2m/app/globals.css[22m
[2m7:45:44 AM[22m [36m[1m[vite][22m[39m [34m[2m(rsc)[22m[39m [32mhmr update [39m[2m/app/globals.css[22m
[2m7:45:44 AM[22m [36m[1m[vite][22m[39m [34m[2m(rsc)[22m[39m [32mhmr update [39m[2m/app/globals.css[22m
[2m7:45:44 AM[22m [36m[1m[vite][22m[39m [34m[2m(rsc)[22m[39m [32mhmr update [39m[2m/app/globals.css[22m
[2m7:46:14 AM[22m [36m[1m[vite][22m[39m [34m[2m(rsc)[22m[39m [32mhmr update [39m[2m/app/globals.css[22m
[2m7:46:14 AM[22m [36m[1m[vite][22m[39m [34m[2m(rsc)[22m[39m [32mhmr update [39m[2m/app/globals.css[22m
[2m7:46:14 AM[22m [36m[1m[vite][22m[39m [34m[2m(rsc)[22m[39m [32mhmr update [39m[2m/app/globals.css[22m
[2m7:46:14 AM[22m [36m[1m[vite][22m[39m [34m[2m(rsc)[22m[39m [32mhmr update [39m[2m/app/globals.css[22m
[2m7:46:44 AM[22m [36m[1m[vite][22m[39m [34m[2m(rsc)[22m[39m [32mhmr update [39m[2m/app/globals.css[22m
[2m7:46:44 AM[22m [36m[1m[vite][22m[39m [34m[2m(rsc)[22m[39m [32mhmr update [39m[2m/app/globals.css[22m
[2m7:46:44 AM[22m [36m[1m[vite][22m[39m [34m[2m(rsc)[22m[39m [32mhmr update [39m[2m/app/globals.css[22m
[2m7:46:44 AM[22m [36m[1m[vite][22m[39m [34m[2m(rsc)[22m[39m [32mhmr update [39m[2m/app/globals.css[22m
[2m7:47:14 AM[22m [36m[1m[vite][22m[39m [34m[2m(rsc)[22m[39m [32mhmr update [39m[2m/app/globals.css[22m
[2m7:47:14 AM[22m [36m[1m[vite][22m[39m [34m[2m(rsc)[22m[39m [32mhmr update [39m[2m/app/globals.css[22m
[2m7:47:14 AM[22m [36m[1m[vite][22m[39m [34m[2m(rsc)[22m[39m [32mhmr update [39m[2m/app/globals.css[22m
[2m7:47:14 AM[22m [36m[1m[vite][22m[39m [34m[2m(rsc)[22m[39m [32mhmr update [39m[2m/app/globals.css[22m
[2m7:47:44 AM[22m [36m[1m[vite][22m[39m [34m[2m(rsc)[22m[39m [32mhmr update [39m[2m/app/globals.css[22m
[2m7:47:44 AM[22m [36m[1m[vite][22m[39m [34m[2m(rsc)[22m[39m [32mhmr update [39m[2m/app/globals.css[22m
[2m7:47:44 AM[22m [36m[1m[vite][22m[39m [34m[2m(rsc)[22m[39m [32mhmr update [39m[2m/app/globals.css[22m
[2m7:47:44 AM[22m [36m[1m[vite][22m[39m [34m[2m(rsc)[22m[39m [32mhmr update [39m[2m/app/globals.css[22m
[2m7:48:14 AM[22m [36m[1m[vite][22m[39m [34m[2m(rsc)[22m[39m [32mhmr update [39m[2m/app/globals.css[22m
[2m7:48:14 AM[22m [36m[1m[vite][22m[39m [34m[2m(rsc)[22m[39m [32mhmr update [39m[2m/app/globals.css[22m
[2m7:48:14 AM[22m [36m[1m[vite][22m[39m [34m[2m(rsc)[22m[39m [32mhmr update [39m[2m/app/globals.css[22m
[2m7:48:14 AM[22m [36m[1m[vite][22m[39m [34m[2m(rsc)[22m[39m [32mhmr update [39m[2m/app/globals.css[22m
[2m7:48:44 AM[22m [36m[1m[vite][22m[39m [34m[2m(rsc)[22m[39m [32mhmr update [39m[2m/app/globals.css[22m
[2m7:48:44 AM[22m [36m[1m[vite][22m[39m [34m[2m(rsc)[22m[39m [32mhmr update [39m[2m/app/globals.css[22m
[2m7:48:44 AM[22m [36m[1m[vite][22m[39m [34m[2m(rsc)[22m[39m [32mhmr update [39m[2m/app/globals.css[22m
[2m7:48:44 AM[22m [36m[1m[vite][22m[39m [34m[2m(rsc)[22m[39m [32mhmr update [39m[2m/app/globals.css[22m
[2m7:49:14 AM[22m [36m[1m[vite][22m[39m [34m[2m(rsc)[22m[39m [32mhmr update [39m[2m/app/globals.css[22m
[2m7:49:14 AM[22m [36m[1m[vite][22m[39m [34m[2m(rsc)[22m[39m [32mhmr update [39m[2m/app/globals.css[22m
[2m7:49:14 AM[22m [36m[1m[vite][22m[39m [34m[2m(rsc)[22m[39m [32mhmr update [39m[2m/app/globals.css[22m
[2m7:49:14 AM[22m [36m[1m[vite][22m[39m [34m[2m(rsc)[22m[39m [32mhmr update [39m[2m/app/globals.css[22m
[2m7:49:44 AM[22m [36m[1m[vite][22m[39m [34m[2m(rsc)[22m[39m [32mhmr update [39m[2m/app/globals.css[22m
[2m7:49:44 AM[22m [36m[1m[vite][22m[39m [34m[2m(rsc)[22m[39m [32mhmr update [39m[2m/app/globals.css[22m
[2m7:49:44 AM[22m [36m[1m[vite][22m[39m [34m[2m(rsc)[22m[39m [32mhmr update [39m[2m/app/globals.css[22m
[2m7:49:44 AM[22m [36m[1m[vite][22m[39m [34m[2m(rsc)[22m[39m [32mhmr update [39m[2m/app/globals.css[22m
[2m7:50:14 AM[22m [36m[1m[vite][22m[39m [34m[2m(rsc)[22m[39m [32mhmr update [39m[2m/app/globals.css[22m
[2m7:50:14 AM[22m [36m[1m[vite][22m[39m [34m[2m(rsc)[22m[39m [32mhmr update [39m[2m/app/globals.css[22m
[2m7:50:14 AM[22m [36m[1m[vite][22m[39m [34m[2m(rsc)[22m[39m [32mhmr update [39m[2m/app/globals.css[22m
[2m7:50:14 AM[22m [36m[1m[vite][22m[39m [34m[2m(rsc)[22m[39m [32mhmr update [39m[2m/app/globals.css[22m
[2m7:50:44 AM[22m [36m[1m[vite][22m[39m [34m[2m(rsc)[22m[39m [32mhmr update [39m[2m/app/globals.css[22m
[2m7:50:44 AM[22m [36m[1m[vite][22m[39m [34m[2m(rsc)[22m[39m [32mhmr update [39m[2m/app/globals.css[22m
[2m7:50:44 AM[22m [36m[1m[vite][22m[39m [34m[2m(rsc)[22m[39m [32mhmr update [39m[2m/app/globals.css[22m
[2m7:50:44 AM[22m [36m[1m[vite][22m[39m [34m[2m(rsc)[22m[39m [32mhmr update [39m[2m/app/globals.css[22m
[2m7:51:14 AM[22m [36m[1m[vite][22m[39m [34m[2m(rsc)[22m[39m [32mhmr update [39m[2m/app/globals.css[22m
[2m7:51:14 AM[22m [36m[1m[vite][22m[39m [34m[2m(rsc)[22m[39m [32mhmr update [39m[2m/app/globals.css[22m
[2m7:51:14 AM[22m [36m[1m[vite][22m[39m [34m[2m(rsc)[22m[39m [32mhmr update [39m[2m/app/globals.css[22m
[2m7:51:14 AM[22m [36m[1m[vite][22m[39m [34m[2m(rsc)[22m[39m [32mhmr update [39m[2m/app/globals.css[22m
[2m7:51:44 AM[22m [36m[1m[vite][22m[39m [34m[2m(rsc)[22m[39m [32mhmr update [39m[2m/app/globals.css[22m
[2m7:51:44 AM[22m [36m[1m[vite][22m[39m [34m[2m(rsc)[22m[39m [32mhmr update [39m[2m/app/globals.css[22m
[2m7:51:44 AM[22m [36m[1m[vite][22m[39m [34m[2m(rsc)[22m[39m [32mhmr update [39m[2m/app/globals.css[22m
[2m7:51:44 AM[22m [36m[1m[vite][22m[39m [34m[2m(rsc)[22m[39m [32mhmr update [39m[2m/app/globals.css[22m
[2m7:52:14 AM[22m [36m[1m[vite][22m[39m [34m[2m(rsc)[22m[39m [32mhmr update [39m[2m/app/globals.css[22m
[2m7:52:14 AM[22m [36m[1m[vite][22m[39m [34m[2m(rsc)[22m[39m [32mhmr update [39m[2m/app/globals.css[22m
[2m7:52:14 AM[22m [36m[1m[vite][22m[39m [34m[2m(rsc)[22m[39m [32mhmr update [39m[2m/app/globals.css[22m
[2m7:52:14 AM[22m [36m[1m[vite][22m[39m [34m[2m(rsc)[22m[39m [32mhmr update [39m[2m/app/globals.css[22m
[2m7:52:44 AM[22m [36m[1m[vite][22m[39m [34m[2m(rsc)[22m[39m [32mhmr update [39m[2m/app/globals.css[22m
[2m7:52:44 AM[22m [36m[1m[vite][22m[39m [34m[2m(rsc)[22m[39m [32mhmr update [39m[2m/app/globals.css[22m
[2m7:52:44 AM[22m [36m[1m[vite][22m[39m [34m[2m(rsc)[22m[39m [32mhmr update [39m[2m/app/globals.css[22m
[2m7:52:44 AM[22m [36m[1m[vite][22m[39m [34m[2m(rsc)[22m[39m [32mhmr update [39m[2m/app/globals.css[22m
[2m7:53:14 AM[22m [36m[1m[vite][22m[39m [34m[2m(rsc)[22m[39m [32mhmr update [39m[2m/app/globals.css[22m
[2m7:53:14 AM[22m [36m[1m[vite][22m[39m [34m[2m(rsc)[22m[39m [32mhmr update [39m[2m/app/globals.css[22m
[2m7:53:14 AM[22m [36m[1m[vite][22m[39m [34m[2m(rsc)[22m[39m [32mhmr update [39m[2m/app/globals.css[22m
[2m7:53:14 AM[22m [36m[1m[vite][22m[39m [34m[2m(rsc)[22m[39m [32mhmr update [39m[2m/app/globals.css[22m
[2m7:53:44 AM[22m [36m[1m[vite][22m[39m [34m[2m(rsc)[22m[39m [32mhmr update [39m[2m/app/globals.css[22m
[2m7:53:44 AM[22m [36m[1m[vite][22m[39m [34m[2m(rsc)[22m[39m [32mhmr update [39m[2m/app/globals.css[22m
[2m7:53:44 AM[22m [36m[1m[vite][22m[39m [34m[2m(rsc)[22m[39m [32mhmr update [39m[2m/app/globals.css[22m
[2m7:53:44 AM[22m [36m[1m[vite][22m[39m [34m[2m(rsc)[22m[39m [32mhmr update [39m[2m/app/globals.css[22m
[2m7:54:14 AM[22m [36m[1m[vite][22m[39m [34m[2m(rsc)[22m[39m [32mhmr update [39m[2m/app/globals.css[22m
[2m7:54:14 AM[22m [36m[1m[vite][22m[39m [34m[2m(rsc)[22m[39m [32mhmr update [39m[2m/app/globals.css[22m
[2m7:54:14 AM[22m [36m[1m[vite][22m[39m [34m[2m(rsc)[22m[39m [32mhmr update [39m[2m/app/globals.css[22m
[2m7:54:14 AM[22m [36m[1m[vite][22m[39m [34m[2m(rsc)[22m[39m [32mhmr update [39m[2m/app/globals.css[22m
[2m7:54:44 AM[22m [36m[1m[vite][22m[39m [34m[2m(rsc)[22m[39m [32mhmr update [39m[2m/app/globals.css[22m
[2m7:54:44 AM[22m [36m[1m[vite][22m[39m [34m[2m(rsc)[22m[39m [32mhmr update [39m[2m/app/globals.css[22m
[2m7:54:44 AM[22m [36m[1m[vite][22m[39m [34m[2m(rsc)[22m[39m [32mhmr update [39m[2m/app/globals.css[22m
[2m7:54:44 AM[22m [36m[1m[vite][22m[39m [34m[2m(rsc)[22m[39m [32mhmr update [39m[2m/app/globals.css[22m
[2m7:55:14 AM[22m [36m[1m[vite][22m[39m [34m[2m(rsc)[22m[39m [32mhmr update [39m[2m/app/globals.css[22m
[2m7:55:15 AM[22m [36m[1m[vite][22m[39m [34m[2m(rsc)[22m[39m [32mhmr update [39m[2m/app/globals.css[22m
[2m7:55:15 AM[22m [36m[1m[vite][22m[39m [34m[2m(rsc)[22m[39m [32mhmr update [39m[2m/app/globals.css[22m
[2m7:55:15 AM[22m [36m[1m[vite][22m[39m [34m[2m(rsc)[22m[39m [32mhmr update [39m[2m/app/globals.css[22m
[2m7:55:45 AM[22m [36m[1m[vite][22m[39m [34m[2m(rsc)[22m[39m [32mhmr update [39m[2m/app/globals.css[22m
[2m7:55:45 AM[22m [36m[1m[vite][22m[39m [34m[2m(rsc)[22m[39m [32mhmr update [39m[2m/app/globals.css[22m
[2m7:55:45 AM[22m [36m[1m[vite][22m[39m [34m[2m(rsc)[22m[39m [32mhmr update [39m[2m/app/globals.css[22m
[2m7:55:45 AM[22m [36m[1m[vite][22m[39m [34m[2m(rsc)[22m[39m [32mhmr update [39m[2m/app/globals.css[22m
[2m7:56:15 AM[22m [36m[1m[vite][22m[39m [34m[2m(rsc)[22m[39m [32mhmr update [39m[2m/app/globals.css[22m
[2m7:56:15 AM[22m [36m[1m[vite][22m[39m [34m[2m(rsc)[22m[39m [32mhmr update [39m[2m/app/globals.css[22m
[2m7:56:15 AM[22m [36m[1m[vite][22m[39m [34m[2m(rsc)[22m[39m [32mhmr update [39m[2m/app/globals.css[22m
[2m7:56:15 AM[22m [36m[1m[vite][22m[39m [34m[2m(rsc)[22m[39m [32mhmr update [39m[2m/app/globals.css[22m
[2m7:56:45 AM[22m [36m[1m[vite][22m[39m [34m[2m(rsc)[22m[39m [32mhmr update [39m[2m/app/globals.css[22m
[2m7:56:45 AM[22m [36m[1m[vite][22m[39m [34m[2m(rsc)[22m[39m [32mhmr update [39m[2m/app/globals.css[22m
[2m7:56:45 AM[22m [36m[1m[vite][22m[39m [34m[2m(rsc)[22m[39m [32mhmr update [39m[2m/app/globals.css[22m
[2m7:56:45 AM[22m [36m[1m[vite][22m[39m [34m[2m(rsc)[22m[39m [32mhmr update [39m[2m/app/globals.css[22m
[2m7:57:15 AM[22m [36m[1m[vite][22m[39m [34m[2m(rsc)[22m[39m [32mhmr update [39m[2m/app/globals.css[22m
[2m7:57:15 AM[22m [36m[1m[vite][22m[39m [34m[2m(rsc)[22m[39m [32mhmr update [39m[2m/app/globals.css[22m
[2m7:57:15 AM[22m [36m[1m[vite][22m[39m [34m[2m(rsc)[22m[39m [32mhmr update [39m[2m/app/globals.css[22m
[2m7:57:15 AM[22m [36m[1m[vite][22m[39m [34m[2m(rsc)[22m[39m [32mhmr update [39m[2m/app/globals.css[22m
[2m7:57:45 AM[22m [36m[1m[vite][22m[39m [34m[2m(rsc)[22m[39m [32mhmr update [39m[2m/app/globals.css[22m
[2m7:57:45 AM[22m [36m[1m[vite][22m[39m [34m[2m(rsc)[22m[39m [32mhmr update [39m[2m/app/globals.css[22m
[2m7:57:45 AM[22m [36m[1m[vite][22m[39m [34m[2m(rsc)[22m[39m [32mhmr update [39m[2m/app/globals.css[22m
[2m7:57:45 AM[22m [36m[1m[vite][22m[39m [34m[2m(rsc)[22m[39m [32mhmr update [39m[2m/app/globals.css[22m
[2m7:58:15 AM[22m [36m[1m[vite][22m[39m [34m[2m(rsc)[22m[39m [32mhmr update [39m[2m/app/globals.css[22m
[2m7:58:15 AM[22m [36m[1m[vite][22m[39m [34m[2m(rsc)[22m[39m [32mhmr update [39m[2m/app/globals.css[22m
[2m7:58:15 AM[22m [36m[1m[vite][22m[39m [34m[2m(rsc)[22m[39m [32mhmr update [39m[2m/app/globals.css[22m
[2m7:58:15 AM[22m [36m[1m[vite][22m[39m [34m[2m(rsc)[22m[39m [32mhmr update [39m[2m/app/globals.css[22m
[2m7:58:45 AM[22m [36m[1m[vite][22m[39m [34m[2m(rsc)[22m[39m [32mhmr update [39m[2m/app/globals.css[22m
[2m7:58:45 AM[22m [36m[1m[vite][22m[39m [34m[2m(rsc)[22m[39m [32mhmr update [39m[2m/app/globals.css[22m
[2m7:58:45 AM[22m [36m[1m[vite][22m[39m [34m[2m(rsc)[22m[39m [32mhmr update [39m[2m/app/globals.css[22m
[2m7:58:45 AM[22m [36m[1m[vite][22m[39m [34m[2m(rsc)[22m[39m [32mhmr update [39m[2m/app/globals.css[22m
[2m8:27:06 AM[22m [36m[1m[vite][22m[39m [34m[2m(rsc)[22m[39m [32mhmr update [39m[2m/app/globals.css[22m
[2m8:27:06 AM[22m [36m[1m[vite][22m[39m [34m[2m(rsc)[22m[39m [32mhmr update [39m[2m/app/globals.css[22m
[2m8:27:06 AM[22m [36m[1m[vite][22m[39m [34m[2m(rsc)[22m[39m [32mhmr update [39m[2m/app/globals.css[22m
[2m8:27:06 AM[22m [36m[1m[vite][22m[39m [34m[2m(rsc)[22m[39m [32mhmr update [39m[2m/app/globals.css[22m
[2m8:27:35 AM[22m [36m[1m[vite][22m[39m [34m[2m(rsc)[22m[39m [32mhmr update [39m[2m/app/globals.css[22m
[2m8:27:35 AM[22m [36m[1m[vite][22m[39m [34m[2m(rsc)[22m[39m [32mhmr update [39m[2m/app/globals.css[22m
[2m8:27:35 AM[22m [36m[1m[vite][22m[39m [34m[2m(rsc)[22m[39m [32mhmr update [39m[2m/app/globals.css[22m
[2m8:27:35 AM[22m [36m[1m[vite][22m[39m [34m[2m(rsc)[22m[39m [32mhmr update [39m[2m/app/globals.css[22m
[2m8:28:05 AM[22m [36m[1m[vite][22m[39m [34m[2m(rsc)[22m[39m [32mhmr update [39m[2m/app/globals.css[22m
[2m8:28:05 AM[22m [36m[1m[vite][22m[39m [34m[2m(rsc)[22m[39m [32mhmr update [39m[2m/app/globals.css[22m
[2m8:28:05 AM[22m [36m[1m[vite][22m[39m [34m[2m(rsc)[22m[39m [32mhmr update [39m[2m/app/globals.css[22m
[2m8:28:05 AM[22m [36m[1m[vite][22m[39m [34m[2m(rsc)[22m[39m [32mhmr update [39m[2m/app/globals.css[22m
[2m8:28:16 AM[22m [36m[1m[vite][22m[39m [34m[2m(rsc)[22m[39m [32mhmr update [39m[2m/app/globals.css[22m
[2m8:28:16 AM[22m [36m[1m[vite][22m[39m [34m[2m(rsc)[22m[39m [32mhmr update [39m[2m/app/globals.css[22m
[2m8:28:16 AM[22m [36m[1m[vite][22m[39m [34m[2m(rsc)[22m[39m [32mhmr update [39m[2m/app/globals.css[22m
[2m8:28:16 AM[22m [36m[1m[vite][22m[39m [34m[2m(rsc)[22m[39m [32mhmr update [39m[2m/app/globals.css[22m
[2m8:28:35 AM[22m [36m[1m[vite][22m[39m [34m[2m(rsc)[22m[39m [32mhmr update [39m[2m/app/globals.css[22m
[2m8:28:35 AM[22m [36m[1m[vite][22m[39m [34m[2m(rsc)[22m[39m [32mhmr update [39m[2m/app/globals.css[22m
[2m8:28:35 AM[22m [36m[1m[vite][22m[39m [34m[2m(rsc)[22m[39m [32mhmr update [39m[2m/app/globals.css[22m
[2m8:28:35 AM[22m [36m[1m[vite][22m[39m [34m[2m(rsc)[22m[39m [32mhmr update [39m[2m/app/globals.css[22m
[2m8:28:46 AM[22m [36m[1m[vite][22m[39m [34m[2m(rsc)[22m[39m [32mhmr update [39m[2m/app/globals.css[22m
[2m8:28:46 AM[22m [36m[1m[vite][22m[39m [34m[2m(rsc)[22m[39m [32mhmr update [39m[2m/app/globals.css[22m
[2m8:28:46 AM[22m [36m[1m[vite][22m[39m [34m[2m(rsc)[22m[39m [32mhmr update [39m[2m/app/globals.css[22m
[2m8:28:46 AM[22m [36m[1m[vite][22m[39m [34m[2m(rsc)[22m[39m [32mhmr update [39m[2m/app/globals.css[22m
[2m8:29:05 AM[22m [36m[1m[vite][22m[39m [34m[2m(rsc)[22m[39m [32mhmr update [39m[2m/app/globals.css[22m
[2m8:29:05 AM[22m [36m[1m[vite][22m[39m [34m[2m(rsc)[22m[39m [32mhmr update [39m[2m/app/globals.css[22m
[2m8:29:05 AM[22m [36m[1m[vite][22m[39m [34m[2m(rsc)[22m[39m [32mhmr update [39m[2m/app/globals.css[22m
[2m8:29:05 AM[22m [36m[1m[vite][22m[39m [34m[2m(rsc)[22m[39m [32mhmr update [39m[2m/app/globals.css[22m
[2m8:29:16 AM[22m [36m[1m[vite][22m[39m [34m[2m(rsc)[22m[39m [32mhmr update [39m[2m/app/globals.css[22m
[2m8:29:16 AM[22m [36m[1m[vite][22m[39m [34m[2m(rsc)[22m[39m [32mhmr update [39m[2m/app/globals.css[22m
[2m8:29:16 AM[22m [36m[1m[vite][22m[39m [34m[2m(rsc)[22m[39m [32mhmr update [39m[2m/app/globals.css[22m
[2m8:29:16 AM[22m [36m[1m[vite][22m[39m [34m[2m(rsc)[22m[39m [32mhmr update [39m[2m/app/globals.css[22m
[2m8:29:35 AM[22m [36m[1m[vite][22m[39m [34m[2m(rsc)[22m[39m [32mhmr update [39m[2m/app/globals.css[22m
[2m8:29:35 AM[22m [36m[1m[vite][22m[39m [34m[2m(rsc)[22m[39m [32mhmr update [39m[2m/app/globals.css[22m
[2m8:29:35 AM[22m [36m[1m[vite][22m[39m [34m[2m(rsc)[22m[39m [32mhmr update [39m[2m/app/globals.css[22m
[2m8:29:35 AM[22m [36m[1m[vite][22m[39m [34m[2m(rsc)[22m[39m [32mhmr update [39m[2m/app/globals.css[22m
[2m8:29:46 AM[22m [36m[1m[vite][22m[39m [34m[2m(rsc)[22m[39m [32mhmr update [39m[2m/app/globals.css[22m
[2m8:29:46 AM[22m [36m[1m[vite][22m[39m [34m[2m(rsc)[22m[39m [32mhmr update [39m[2m/app/globals.css[22m
[2m8:29:46 AM[22m [36m[1m[vite][22m[39m [34m[2m(rsc)[22m[39m [32mhmr update [39m[2m/app/globals.css[22m
[2m8:29:46 AM[22m [36m[1m[vite][22m[39m [34m[2m(rsc)[22m[39m [32mhmr update [39m[2m/app/globals.css[22m
[2m8:30:05 AM[22m [36m[1m[vite][22m[39m [34m[2m(rsc)[22m[39m [32mhmr update [39m[2m/app/globals.css[22m
[2m8:30:05 AM[22m [36m[1m[vite][22m[39m [34m[2m(rsc)[22m[39m [32mhmr update [39m[2m/app/globals.css[22m
[2m8:30:05 AM[22m [36m[1m[vite][22m[39m [34m[2m(rsc)[22m[39m [32mhmr update [39m[2m/app/globals.css[22m
[2m8:30:05 AM[22m [36m[1m[vite][22m[39m [34m[2m(rsc)[22m[39m [32mhmr update [39m[2m/app/globals.css[22m
[2m8:30:16 AM[22m [36m[1m[vite][22m[39m [34m[2m(rsc)[22m[39m [32mhmr update [39m[2m/app/globals.css[22m
[2m8:30:16 AM[22m [36m[1m[vite][22m[39m [34m[2m(rsc)[22m[39m [32mhmr update [39m[2m/app/globals.css[22m
[2m8:30:16 AM[22m [36m[1m[vite][22m[39m [34m[2m(rsc)[22m[39m [32mhmr update [39m[2m/app/globals.css[22m
[2m8:30:16 AM[22m [36m[1m[vite][22m[39m [34m[2m(rsc)[22m[39m [32mhmr update [39m[2m/app/globals.css[22m
[2m8:30:35 AM[22m [36m[1m[vite][22m[39m [34m[2m(rsc)[22m[39m [32mhmr update [39m[2m/app/globals.css[22m
[2m8:30:35 AM[22m [36m[1m[vite][22m[39m [34m[2m(rsc)[22m[39m [32mhmr update [39m[2m/app/globals.css[22m
[2m8:30:35 AM[22m [36m[1m[vite][22m[39m [34m[2m(rsc)[22m[39m [32mhmr update [39m[2m/app/globals.css[22m
[2m8:30:35 AM[22m [36m[1m[vite][22m[39m [34m[2m(rsc)[22m[39m [32mhmr update [39m[2m/app/globals.css[22m
[2m8:30:46 AM[22m [36m[1m[vite][22m[39m [34m[2m(rsc)[22m[39m [32mhmr update [39m[2m/app/globals.css[22m
[2m8:30:46 AM[22m [36m[1m[vite][22m[39m [34m[2m(rsc)[22m[39m [32mhmr update [39m[2m/app/globals.css[22m
[2m8:30:46 AM[22m [36m[1m[vite][22m[39m [34m[2m(rsc)[22m[39m [32mhmr update [39m[2m/app/globals.css[22m
[2m8:30:46 AM[22m [36m[1m[vite][22m[39m [34m[2m(rsc)[22m[39m [32mhmr update [39m[2m/app/globals.css[22m
[2m8:31:05 AM[22m [36m[1m[vite][22m[39m [34m[2m(rsc)[22m[39m [32mhmr update [39m[2m/app/globals.css[22m
[2m8:31:05 AM[22m [36m[1m[vite][22m[39m [34m[2m(rsc)[22m[39m [32mhmr update [39m[2m/app/globals.css[22m
[2m8:31:05 AM[22m [36m[1m[vite][22m[39m [34m[2m(rsc)[22m[39m [32mhmr update [39m[2m/app/globals.css[22m
[2m8:31:05 AM[22m [36m[1m[vite][22m[39m [34m[2m(rsc)[22m[39m [32mhmr update [39m[2m/app/globals.css[22m
[2m8:31:16 AM[22m [36m[1m[vite][22m[39m [34m[2m(rsc)[22m[39m [32mhmr update [39m[2m/app/globals.css[22m
[2m8:31:16 AM[22m [36m[1m[vite][22m[39m [34m[2m(rsc)[22m[39m [32mhmr update [39m[2m/app/globals.css[22m
[2m8:31:16 AM[22m [36m[1m[vite][22m[39m [34m[2m(rsc)[22m[39m [32mhmr update [39m[2m/app/globals.css[22m
[2m8:31:16 AM[22m [36m[1m[vite][22m[39m [34m[2m(rsc)[22m[39m [32mhmr update [39m[2m/app/globals.css[22m
[2m8:31:35 AM[22m [36m[1m[vite][22m[39m [34m[2m(rsc)[22m[39m [32mhmr update [39m[2m/app/globals.css[22m
[2m8:31:35 AM[22m [36m[1m[vite][22m[39m [34m[2m(rsc)[22m[39m [32mhmr update [39m[2m/app/globals.css[22m
[2m8:31:35 AM[22m [36m[1m[vite][22m[39m [34m[2m(rsc)[22m[39m [32mhmr update [39m[2m/app/globals.css[22m
[2m8:31:35 AM[22m [36m[1m[vite][22m[39m [34m[2m(rsc)[22m[39m [32mhmr update [39m[2m/app/globals.css[22m
[2m8:31:46 AM[22m [36m[1m[vite][22m[39m [34m[2m(rsc)[22m[39m [32mhmr update [39m[2m/app/globals.css[22m
[2m8:31:46 AM[22m [36m[1m[vite][22m[39m [34m[2m(rsc)[22m[39m [32mhmr update [39m[2m/app/globals.css[22m
[2m8:31:46 AM[22m [36m[1m[vite][22m[39m [34m[2m(rsc)[22m[39m [32mhmr update [39m[2m/app/globals.css[22m
[2m8:31:46 AM[22m [36m[1m[vite][22m[39m [34m[2m(rsc)[22m[39m [32mhmr update [39m[2m/app/globals.css[22m
[2m8:32:05 AM[22m [36m[1m[vite][22m[39m [34m[2m(rsc)[22m[39m [32mhmr update [39m[2m/app/globals.css[22m
[2m8:32:05 AM[22m [36m[1m[vite][22m[39m [34m[2m(rsc)[22m[39m [32mhmr update [39m[2m/app/globals.css[22m
[2m8:32:05 AM[22m [36m[1m[vite][22m[39m [34m[2m(rsc)[22m[39m [32mhmr update [39m[2m/app/globals.css[22m
[2m8:32:05 AM[22m [36m[1m[vite][22m[39m [34m[2m(rsc)[22m[39m [32mhmr update [39m[2m/app/globals.css[22m
[2m8:32:16 AM[22m [36m[1m[vite][22m[39m [34m[2m(rsc)[22m[39m [32mhmr update [39m[2m/app/globals.css[22m
[2m8:32:16 AM[22m [36m[1m[vite][22m[39m [34m[2m(rsc)[22m[39m [32mhmr update [39m[2m/app/globals.css[22m
[2m8:32:16 AM[22m [36m[1m[vite][22m[39m [34m[2m(rsc)[22m[39m [32mhmr update [39m[2m/app/globals.css[22m
[2m8:32:16 AM[22m [36m[1m[vite][22m[39m [34m[2m(rsc)[22m[39m [32mhmr update [39m[2m/app/globals.css[22m
[2m8:32:35 AM[22m [36m[1m[vite][22m[39m [34m[2m(rsc)[22m[39m [32mhmr update [39m[2m/app/globals.css[22m
[2m8:32:35 AM[22m [36m[1m[vite][22m[39m [34m[2m(rsc)[22m[39m [32mhmr update [39m[2m/app/globals.css[22m
[2m8:32:35 AM[22m [36m[1m[vite][22m[39m [34m[2m(rsc)[22m[39m [32mhmr update [39m[2m/app/globals.css[22m
[2m8:32:35 AM[22m [36m[1m[vite][22m[39m [34m[2m(rsc)[22m[39m [32mhmr update [39m[2m/app/globals.css[22m
[2m8:32:46 AM[22m [36m[1m[vite][22m[39m [34m[2m(rsc)[22m[39m [32mhmr update [39m[2m/app/globals.css[22m
[2m8:32:46 AM[22m [36m[1m[vite][22m[39m [34m[2m(rsc)[22m[39m [32mhmr update [39m[2m/app/globals.css[22m
[2m8:32:46 AM[22m [36m[1m[vite][22m[39m [34m[2m(rsc)[22m[39m [32mhmr update [39m[2m/app/globals.css[22m
[2m8:32:46 AM[22m [36m[1m[vite][22m[39m [34m[2m(rsc)[22m[39m [32mhmr update [39m[2m/app/globals.css[22m
[2m8:33:05 AM[22m [36m[1m[vite][22m[39m [34m[2m(rsc)[22m[39m [32mhmr update [39m[2m/app/globals.css[22m
[2m8:33:05 AM[22m [36m[1m[vite][22m[39m [34m[2m(rsc)[22m[39m [32mhmr update [39m[2m/app/globals.css[22m
[2m8:33:05 AM[22m [36m[1m[vite][22m[39m [34m[2m(rsc)[22m[39m [32mhmr update [39m[2m/app/globals.css[22m
[2m8:33:05 AM[22m [36m[1m[vite][22m[39m [34m[2m(rsc)[22m[39m [32mhmr update [39m[2m/app/globals.css[22m
[2m8:33:16 AM[22m [36m[1m[vite][22m[39m [34m[2m(rsc)[22m[39m [32mhmr update [39m[2m/app/globals.css[22m
[2m8:33:16 AM[22m [36m[1m[vite][22m[39m [34m[2m(rsc)[22m[39m [32mhmr update [39m[2m/app/globals.css[22m
[2m8:33:16 AM[22m [36m[1m[vite][22m[39m [34m[2m(rsc)[22m[39m [32mhmr update [39m[2m/app/globals.css[22m
[2m8:33:16 AM[22m [36m[1m[vite][22m[39m [34m[2m(rsc)[22m[39m [32mhmr update [39m[2m/app/globals.css[22m
[2m8:33:35 AM[22m [36m[1m[vite][22m[39m [34m[2m(rsc)[22m[39m [32mhmr update [39m[2m/app/globals.css[22m
[2m8:33:35 AM[22m [36m[1m[vite][22m[39m [34m[2m(rsc)[22m[39m [32mhmr update [39m[2m/app/globals.css[22m
[2m8:33:35 AM[22m [36m[1m[vite][22m[39m [34m[2m(rsc)[22m[39m [32mhmr update [39m[2m/app/globals.css[22m
[2m8:33:35 AM[22m [36m[1m[vite][22m[39m [34m[2m(rsc)[22m[39m [32mhmr update [39m[2m/app/globals.css[22m
[2m8:33:46 AM[22m [36m[1m[vite][22m[39m [34m[2m(rsc)[22m[39m [32mhmr update [39m[2m/app/globals.css[22m
[2m8:33:46 AM[22m [36m[1m[vite][22m[39m [34m[2m(rsc)[22m[39m [32mhmr update [39m[2m/app/globals.css[22m
[2m8:33:46 AM[22m [36m[1m[vite][22m[39m [34m[2m(rsc)[22m[39m [32mhmr update [39m[2m/app/globals.css[22m
[2m8:33:46 AM[22m [36m[1m[vite][22m[39m [34m[2m(rsc)[22m[39m [32mhmr update [39m[2m/app/globals.css[22m
[2m8:34:05 AM[22m [36m[1m[vite][22m[39m [34m[2m(rsc)[22m[39m [32mhmr update [39m[2m/app/globals.css[22m
[2m8:34:05 AM[22m [36m[1m[vite][22m[39m [34m[2m(rsc)[22m[39m [32mhmr update [39m[2m/app/globals.css[22m
[2m8:34:05 AM[22m [36m[1m[vite][22m[39m [34m[2m(rsc)[22m[39m [32mhmr update [39m[2m/app/globals.css[22m
[2m8:34:05 AM[22m [36m[1m[vite][22m[39m [34m[2m(rsc)[22m[39m [32mhmr update [39m[2m/app/globals.css[22m
[2m8:34:16 AM[22m [36m[1m[vite][22m[39m [34m[2m(rsc)[22m[39m [32mhmr update [39m[2m/app/globals.css[22m
[2m8:34:16 AM[22m [36m[1m[vite][22m[39m [34m[2m(rsc)[22m[39m [32mhmr update [39m[2m/app/globals.css[22m
[2m8:34:16 AM[22m [36m[1m[vite][22m[39m [34m[2m(rsc)[22m[39m [32mhmr update [39m[2m/app/globals.css[22m
[2m8:34:16 AM[22m [36m[1m[vite][22m[39m [34m[2m(rsc)[22m[39m [32mhmr update [39m[2m/app/globals.css[22m
[2m8:34:35 AM[22m [36m[1m[vite][22m[39m [34m[2m(rsc)[22m[39m [32mhmr update [39m[2m/app/globals.css[22m
[2m8:34:35 AM[22m [36m[1m[vite][22m[39m [34m[2m(rsc)[22m[39m [32mhmr update [39m[2m/app/globals.css[22m
[2m8:34:36 AM[22m [36m[1m[vite][22m[39m [34m[2m(rsc)[22m[39m [32mhmr update [39m[2m/app/globals.css[22m
[2m8:34:36 AM[22m [36m[1m[vite][22m[39m [34m[2m(rsc)[22m[39m [32mhmr update [39m[2m/app/globals.css[22m
[2m8:34:46 AM[22m [36m[1m[vite][22m[39m [34m[2m(rsc)[22m[39m [32mhmr update [39m[2m/app/globals.css[22m
[2m8:34:46 AM[22m [36m[1m[vite][22m[39m [34m[2m(rsc)[22m[39m [32mhmr update [39m[2m/app/globals.css[22m
[2m8:34:46 AM[22m [36m[1m[vite][22m[39m [34m[2m(rsc)[22m[39m [32mhmr update [39m[2m/app/globals.css[22m
[2m8:34:46 AM[22m [36m[1m[vite][22m[39m [34m[2m(rsc)[22m[39m [32mhmr update [39m[2m/app/globals.css[22m
[2m8:35:05 AM[22m [36m[1m[vite][22m[39m [34m[2m(rsc)[22m[39m [32mhmr update [39m[2m/app/globals.css[22m
[2m8:35:06 AM[22m [36m[1m[vite][22m[39m [34m[2m(rsc)[22m[39m [32mhmr update [39m[2m/app/globals.css[22m
[2m8:35:06 AM[22m [36m[1m[vite][22m[39m [34m[2m(rsc)[22m[39m [32mhmr update [39m[2m/app/globals.css[22m
[2m8:35:06 AM[22m [36m[1m[vite][22m[39m [34m[2m(rsc)[22m[39m [32mhmr update [39m[2m/app/globals.css[22m
[2m8:35:16 AM[22m [36m[1m[vite][22m[39m [34m[2m(rsc)[22m[39m [32mhmr update [39m[2m/app/globals.css[22m
[2m8:35:16 AM[22m [36m[1m[vite][22m[39m [34m[2m(rsc)[22m[39m [32mhmr update [39m[2m/app/globals.css[22m
[2m8:35:16 AM[22m [36m[1m[vite][22m[39m [34m[2m(rsc)[22m[39m [32mhmr update [39m[2m/app/globals.css[22m
[2m8:35:16 AM[22m [36m[1m[vite][22m[39m [34m[2m(rsc)[22m[39m [32mhmr update [39m[2m/app/globals.css[22m
[2m8:35:35 AM[22m [36m[1m[vite][22m[39m [34m[2m(rsc)[22m[39m [32mhmr update [39m[2m/app/globals.css[22m
[2m8:35:36 AM[22m [36m[1m[vite][22m[39m [34m[2m(rsc)[22m[39m [32mhmr update [39m[2m/app/globals.css[22m
[2m8:35:36 AM[22m [36m[1m[vite][22m[39m [34m[2m(rsc)[22m[39m [32mhmr update [39m[2m/app/globals.css[22m
[2m8:35:36 AM[22m [36m[1m[vite][22m[39m [34m[2m(rsc)[22m[39m [32mhmr update [39m[2m/app/globals.css[22m
[2m8:35:46 AM[22m [36m[1m[vite][22m[39m [34m[2m(rsc)[22m[39m [32mhmr update [39m[2m/app/globals.css[22m
[2m8:35:46 AM[22m [36m[1m[vite][22m[39m [34m[2m(rsc)[22m[39m [32mhmr update [39m[2m/app/globals.css[22m
[2m8:35:46 AM[22m [36m[1m[vite][22m[39m [34m[2m(rsc)[22m[39m [32mhmr update [39m[2m/app/globals.css[22m
[2m8:35:46 AM[22m [36m[1m[vite][22m[39m [34m[2m(rsc)[22m[39m [32mhmr update [39m[2m/app/globals.css[22m
[2m8:36:05 AM[22m [36m[1m[vite][22m[39m [34m[2m(rsc)[22m[39m [32mhmr update [39m[2m/app/globals.css[22m
[2m8:36:06 AM[22m [36m[1m[vite][22m[39m [34m[2m(rsc)[22m[39m [32mhmr update [39m[2m/app/globals.css[22m
[2m8:36:06 AM[22m [36m[1m[vite][22m[39m [34m[2m(rsc)[22m[39m [32mhmr update [39m[2m/app/globals.css[22m
[2m8:36:06 AM[22m [36m[1m[vite][22m[39m [34m[2m(rsc)[22m[39m [32mhmr update [39m[2m/app/globals.css[22m
[2m8:36:16 AM[22m [36m[1m[vite][22m[39m [34m[2m(rsc)[22m[39m [32mhmr update [39m[2m/app/globals.css[22m
[2m8:36:16 AM[22m [36m[1m[vite][22m[39m [34m[2m(rsc)[22m[39m [32mhmr update [39m[2m/app/globals.css[22m
[2m8:36:16 AM[22m [36m[1m[vite][22m[39m [34m[2m(rsc)[22m[39m [32mhmr update [39m[2m/app/globals.css[22m
[2m8:36:16 AM[22m [36m[1m[vite][22m[39m [34m[2m(rsc)[22m[39m [32mhmr update [39m[2m/app/globals.css[22m
[2m8:36:35 AM[22m [36m[1m[vite][22m[39m [34m[2m(rsc)[22m[39m [32mhmr update [39m[2m/app/globals.css[22m
[2m8:36:35 AM[22m [36m[1m[vite][22m[39m [34m[2m(rsc)[22m[39m [32mhmr update [39m[2m/app/globals.css[22m
[2m8:36:36 AM[22m [36m[1m[vite][22m[39m [34m[2m(rsc)[22m[39m [32mhmr update [39m[2m/app/globals.css[22m
[2m8:36:36 AM[22m [36m[1m[vite][22m[39m [34m[2m(rsc)[22m[39m [32mhmr update [39m[2m/app/globals.css[22m
[2m8:36:46 AM[22m [36m[1m[vite][22m[39m [34m[2m(rsc)[22m[39m [32mhmr update [39m[2m/app/globals.css[22m
[2m8:36:46 AM[22m [36m[1m[vite][22m[39m [34m[2m(rsc)[22m[39m [32mhmr update [39m[2m/app/globals.css[22m
[2m8:36:46 AM[22m [36m[1m[vite][22m[39m [34m[2m(rsc)[22m[39m [32mhmr update [39m[2m/app/globals.css[22m
[2m8:36:46 AM[22m [36m[1m[vite][22m[39m [34m[2m(rsc)[22m[39m [32mhmr update [39m[2m/app/globals.css[22m
[2m8:37:05 AM[22m [36m[1m[vite][22m[39m [34m[2m(rsc)[22m[39m [32mhmr update [39m[2m/app/globals.css[22m
[2m8:37:05 AM[22m [36m[1m[vite][22m[39m [34m[2m(rsc)[22m[39m [32mhmr update [39m[2m/app/globals.css[22m
[2m8:37:06 AM[22m [36m[1m[vite][22m[39m [34m[2m(rsc)[22m[39m [32mhmr update [39m[2m/app/globals.css[22m
[2m8:37:06 AM[22m [36m[1m[vite][22m[39m [34m[2m(rsc)[22m[39m [32mhmr update [39m[2m/app/globals.css[22m
[2m8:37:16 AM[22m [36m[1m[vite][22m[39m [34m[2m(rsc)[22m[39m [32mhmr update [39m[2m/app/globals.css[22m
[2m8:37:16 AM[22m [36m[1m[vite][22m[39m [34m[2m(rsc)[22m[39m [32mhmr update [39m[2m/app/globals.css[22m
[2m8:37:16 AM[22m [36m[1m[vite][22m[39m [34m[2m(rsc)[22m[39m [32mhmr update [39m[2m/app/globals.css[22m
[2m8:37:16 AM[22m [36m[1m[vite][22m[39m [34m[2m(rsc)[22m[39m [32mhmr update [39m[2m/app/globals.css[22m
[2m8:37:36 AM[22m [36m[1m[vite][22m[39m [34m[2m(rsc)[22m[39m [32mhmr update [39m[2m/app/globals.css[22m
[2m8:37:36 AM[22m [36m[1m[vite][22m[39m [34m[2m(rsc)[22m[39m [32mhmr update [39m[2m/app/globals.css[22m
[2m8:37:36 AM[22m [36m[1m[vite][22m[39m [34m[2m(rsc)[22m[39m [32mhmr update [39m[2m/app/globals.css[22m
[2m8:37:36 AM[22m [36m[1m[vite][22m[39m [34m[2m(rsc)[22m[39m [32mhmr update [39m[2m/app/globals.css[22m
[2m8:37:46 AM[22m [36m[1m[vite][22m[39m [34m[2m(rsc)[22m[39m [32mhmr update [39m[2m/app/globals.css[22m
[2m8:37:46 AM[22m [36m[1m[vite][22m[39m [34m[2m(rsc)[22m[39m [32mhmr update [39m[2m/app/globals.css[22m
[2m8:37:46 AM[22m [36m[1m[vite][22m[39m [34m[2m(rsc)[22m[39m [32mhmr update [39m[2m/app/globals.css[22m
[2m8:37:46 AM[22m [36m[1m[vite][22m[39m [34m[2m(rsc)[22m[39m [32mhmr update [39m[2m/app/globals.css[22m
[2m8:38:06 AM[22m [36m[1m[vite][22m[39m [34m[2m(rsc)[22m[39m [32mhmr update [39m[2m/app/globals.css[22m
[2m8:38:06 AM[22m [36m[1m[vite][22m[39m [34m[2m(rsc)[22m[39m [32mhmr update [39m[2m/app/globals.css[22m
[2m8:38:06 AM[22m [36m[1m[vite][22m[39m [34m[2m(rsc)[22m[39m [32mhmr update [39m[2m/app/globals.css[22m
[2m8:38:06 AM[22m [36m[1m[vite][22m[39m [34m[2m(rsc)[22m[39m [32mhmr update [39m[2m/app/globals.css[22m
[2m8:38:16 AM[22m [36m[1m[vite][22m[39m [34m[2m(rsc)[22m[39m [32mhmr update [39m[2m/app/globals.css[22m
[2m8:38:16 AM[22m [36m[1m[vite][22m[39m [34m[2m(rsc)[22m[39m [32mhmr update [39m[2m/app/globals.css[22m
[2m8:38:16 AM[22m [36m[1m[vite][22m[39m [34m[2m(rsc)[22m[39m [32mhmr update [39m[2m/app/globals.css[22m
[2m8:38:16 AM[22m [36m[1m[vite][22m[39m [34m[2m(rsc)[22m[39m [32mhmr update [39m[2m/app/globals.css[22m
[2m8:38:36 AM[22m [36m[1m[vite][22m[39m [34m[2m(rsc)[22m[39m [32mhmr update [39m[2m/app/globals.css[22m
[2m8:38:36 AM[22m [36m[1m[vite][22m[39m [34m[2m(rsc)[22m[39m [32mhmr update [39m[2m/app/globals.css[22m
[2m8:38:36 AM[22m [36m[1m[vite][22m[39m [34m[2m(rsc)[22m[39m [32mhmr update [39m[2m/app/globals.css[22m
[2m8:38:36 AM[22m [36m[1m[vite][22m[39m [34m[2m(rsc)[22m[39m [32mhmr update [39m[2m/app/globals.css[22m
[2m8:38:46 AM[22m [36m[1m[vite][22m[39m [34m[2m(rsc)[22m[39m [32mhmr update [39m[2m/app/globals.css[22m
[2m8:38:46 AM[22m [36m[1m[vite][22m[39m [34m[2m(rsc)[22m[39m [32mhmr update [39m[2m/app/globals.css[22m
[2m8:38:46 AM[22m [36m[1m[vite][22m[39m [34m[2m(rsc)[22m[39m [32mhmr update [39m[2m/app/globals.css[22m
[2m8:38:46 AM[22m [36m[1m[vite][22m[39m [34m[2m(rsc)[22m[39m [32mhmr update [39m[2m/app/globals.css[22m
[2m8:39:06 AM[22m [36m[1m[vite][22m[39m [34m[2m(rsc)[22m[39m [32mhmr update [39m[2m/app/globals.css[22m
[2m8:39:06 AM[22m [36m[1m[vite][22m[39m [34m[2m(rsc)[22m[39m [32mhmr update [39m[2m/app/globals.css[22m
[2m8:39:06 AM[22m [36m[1m[vite][22m[39m [34m[2m(rsc)[22m[39m [32mhmr update [39m[2m/app/globals.css[22m
[2m8:39:06 AM[22m [36m[1m[vite][22m[39m [34m[2m(rsc)[22m[39m [32mhmr update [39m[2m/app/globals.css[22m
[2m8:39:16 AM[22m [36m[1m[vite][22m[39m [34m[2m(rsc)[22m[39m [32mhmr update [39m[2m/app/globals.css[22m
[2m8:39:16 AM[22m [36m[1m[vite][22m[39m [34m[2m(rsc)[22m[39m [32mhmr update [39m[2m/app/globals.css[22m
[2m8:39:16 AM[22m [36m[1m[vite][22m[39m [34m[2m(rsc)[22m[39m [32mhmr update [39m[2m/app/globals.css[22m
[2m8:39:16 AM[22m [36m[1m[vite][22m[39m [34m[2m(rsc)[22m[39m [32mhmr update [39m[2m/app/globals.css[22m
[2m8:39:36 AM[22m [36m[1m[vite][22m[39m [34m[2m(rsc)[22m[39m [32mhmr update [39m[2m/app/globals.css[22m
[2m8:39:36 AM[22m [36m[1m[vite][22m[39m [34m[2m(rsc)[22m[39m [32mhmr update [39m[2m/app/globals.css[22m
[2m8:39:36 AM[22m [36m[1m[vite][22m[39m [34m[2m(rsc)[22m[39m [32mhmr update [39m[2m/app/globals.css[22m
[2m8:39:36 AM[22m [36m[1m[vite][22m[39m [34m[2m(rsc)[22m[39m [32mhmr update [39m[2m/app/globals.css[22m
[2m8:39:46 AM[22m [36m[1m[vite][22m[39m [34m[2m(rsc)[22m[39m [32mhmr update [39m[2m/app/globals.css[22m
[2m8:39:46 AM[22m [36m[1m[vite][22m[39m [34m[2m(rsc)[22m[39m [32mhmr update [39m[2m/app/globals.css[22m
[2m8:39:46 AM[22m [36m[1m[vite][22m[39m [34m[2m(rsc)[22m[39m [32mhmr update [39m[2m/app/globals.css[22m
[2m8:39:46 AM[22m [36m[1m[vite][22m[39m [34m[2m(rsc)[22m[39m [32mhmr update [39m[2m/app/globals.css[22m
[2m8:40:06 AM[22m [36m[1m[vite][22m[39m [34m[2m(rsc)[22m[39m [32mhmr update [39m[2m/app/globals.css[22m
[2m8:40:06 AM[22m [36m[1m[vite][22m[39m [34m[2m(rsc)[22m[39m [32mhmr update [39m[2m/app/globals.css[22m
[2m8:40:06 AM[22m [36m[1m[vite][22m[39m [34m[2m(rsc)[22m[39m [32mhmr update [39m[2m/app/globals.css[22m
[2m8:40:06 AM[22m [36m[1m[vite][22m[39m [34m[2m(rsc)[22m[39m [32mhmr update [39m[2m/app/globals.css[22m
[2m8:40:16 AM[22m [36m[1m[vite][22m[39m [34m[2m(rsc)[22m[39m [32mhmr update [39m[2m/app/globals.css[22m
[2m8:40:16 AM[22m [36m[1m[vite][22m[39m [34m[2m(rsc)[22m[39m [32mhmr update [39m[2m/app/globals.css[22m
[2m8:40:16 AM[22m [36m[1m[vite][22m[39m [34m[2m(rsc)[22m[39m [32mhmr update [39m[2m/app/globals.css[22m
[2m8:40:16 AM[22m [36m[1m[vite][22m[39m [34m[2m(rsc)[22m[39m [32mhmr update [39m[2m/app/globals.css[22m
[2m8:40:36 AM[22m [36m[1m[vite][22m[39m [34m[2m(rsc)[22m[39m [32mhmr update [39m[2m/app/globals.css[22m
[2m8:40:36 AM[22m [36m[1m[vite][22m[39m [34m[2m(rsc)[22m[39m [32mhmr update [39m[2m/app/globals.css[22m
[2m8:40:36 AM[22m [36m[1m[vite][22m[39m [34m[2m(rsc)[22m[39m [32mhmr update [39m[2m/app/globals.css[22m
[2m8:40:36 AM[22m [36m[1m[vite][22m[39m [34m[2m(rsc)[22m[39m [32mhmr update [39m[2m/app/globals.css[22m
[2m8:40:39 AM[22m [36m[1m[vite][22m[39m [34m[2m(rsc)[22m[39m [32mhmr update [39m[2m/app/globals.css[22m
[2m8:40:46 AM[22m [36m[1m[vite][22m[39m [34m[2m(rsc)[22m[39m [32mhmr update [39m[2m/app/globals.css[22m
[2m8:40:46 AM[22m [36m[1m[vite][22m[39m [34m[2m(rsc)[22m[39m [32mhmr update [39m[2m/app/globals.css[22m
[2m8:40:46 AM[22m [36m[1m[vite][22m[39m [34m[2m(rsc)[22m[39m [32mhmr update [39m[2m/app/globals.css[22m
[2m8:40:46 AM[22m [36m[1m[vite][22m[39m [34m[2m(rsc)[22m[39m [32mhmr update [39m[2m/app/globals.css[22m
[2m8:41:06 AM[22m [36m[1m[vite][22m[39m [34m[2m(rsc)[22m[39m [32mhmr update [39m[2m/app/globals.css[22m
[2m8:41:06 AM[22m [36m[1m[vite][22m[39m [34m[2m(rsc)[22m[39m [32mhmr update [39m[2m/app/globals.css[22m
[2m8:41:06 AM[22m [36m[1m[vite][22m[39m [34m[2m(rsc)[22m[39m [32mhmr update [39m[2m/app/globals.css[22m
[2m8:41:06 AM[22m [36m[1m[vite][22m[39m [34m[2m(rsc)[22m[39m [32mhmr update [39m[2m/app/globals.css[22m
[2m8:41:16 AM[22m [36m[1m[vite][22m[39m [34m[2m(rsc)[22m[39m [32mhmr update [39m[2m/app/globals.css[22m
[2m8:41:16 AM[22m [36m[1m[vite][22m[39m [34m[2m(rsc)[22m[39m [32mhmr update [39m[2m/app/globals.css[22m
[2m8:41:16 AM[22m [36m[1m[vite][22m[39m [34m[2m(rsc)[22m[39m [32mhmr update [39m[2m/app/globals.css[22m
[2m8:41:16 AM[22m [36m[1m[vite][22m[39m [34m[2m(rsc)[22m[39m [32mhmr update [39m[2m/app/globals.css[22m
[2m8:41:36 AM[22m [36m[1m[vite][22m[39m [34m[2m(rsc)[22m[39m [32mhmr update [39m[2m/app/globals.css[22m
[2m8:41:36 AM[22m [36m[1m[vite][22m[39m [34m[2m(rsc)[22m[39m [32mhmr update [39m[2m/app/globals.css[22m
[2m8:41:36 AM[22m [36m[1m[vite][22m[39m [34m[2m(rsc)[22m[39m [32mhmr update [39m[2m/app/globals.css[22m
[2m8:41:36 AM[22m [36m[1m[vite][22m[39m [34m[2m(rsc)[22m[39m [32mhmr update [39m[2m/app/globals.css[22m
[2m8:41:46 AM[22m [36m[1m[vite][22m[39m [34m[2m(rsc)[22m[39m [32mhmr update [39m[2m/app/globals.css[22m
[2m8:41:46 AM[22m [36m[1m[vite][22m[39m [34m[2m(rsc)[22m[39m [32mhmr update [39m[2m/app/globals.css[22m
[2m8:41:46 AM[22m [36m[1m[vite][22m[39m [34m[2m(rsc)[22m[39m [32mhmr update [39m[2m/app/globals.css[22m
[2m8:41:46 AM[22m [36m[1m[vite][22m[39m [34m[2m(rsc)[22m[39m [32mhmr update [39m[2m/app/globals.css[22m
[2m8:42:06 AM[22m [36m[1m[vite][22m[39m [34m[2m(rsc)[22m[39m [32mhmr update [39m[2m/app/globals.css[22m
[2m8:42:06 AM[22m [36m[1m[vite][22m[39m [34m[2m(rsc)[22m[39m [32mhmr update [39m[2m/app/globals.css[22m
[2m8:42:06 AM[22m [36m[1m[vite][22m[39m [34m[2m(rsc)[22m[39m [32mhmr update [39m[2m/app/globals.css[22m
[2m8:42:06 AM[22m [36m[1m[vite][22m[39m [34m[2m(rsc)[22m[39m [32mhmr update [39m[2m/app/globals.css[22m
[2m8:42:16 AM[22m [36m[1m[vite][22m[39m [34m[2m(rsc)[22m[39m [32mhmr update [39m[2m/app/globals.css[22m
[2m8:42:16 AM[22m [36m[1m[vite][22m[39m [34m[2m(rsc)[22m[39m [32mhmr update [39m[2m/app/globals.css[22m
[2m8:42:16 AM[22m [36m[1m[vite][22m[39m [34m[2m(rsc)[22m[39m [32mhmr update [39m[2m/app/globals.css[22m
[2m8:42:16 AM[22m [36m[1m[vite][22m[39m [34m[2m(rsc)[22m[39m [32mhmr update [39m[2m/app/globals.css[22m
[2m8:42:23 AM[22m [36m[1m[vite][22m[39m [34m[2m(rsc)[22m[39m [32mhmr update [39m[2m/@id/__x00__virtual:vinext-rsc-entry, /app/globals.css[22m
[vite] hot updated:  virtual:vinext-rsc-entry
[2m8:42:36 AM[22m [36m[1m[vite][22m[39m [34m[2m(rsc)[22m[39m [32mhmr update [39m[2m/app/globals.css[22m
[2m8:42:36 AM[22m [36m[1m[vite][22m[39m [34m[2m(rsc)[22m[39m [32mhmr update [39m[2m/app/globals.css[22m
[2m8:42:36 AM[22m [36m[1m[vite][22m[39m [34m[2m(rsc)[22m[39m [32mhmr update [39m[2m/app/globals.css[22m
[2m8:42:36 AM[22m [36m[1m[vite][22m[39m [34m[2m(rsc)[22m[39m [32mhmr update [39m[2m/app/globals.css[22m
[2m8:42:46 AM[22m [36m[1m[vite][22m[39m [34m[2m(rsc)[22m[39m [32mhmr update [39m[2m/app/globals.css[22m
[2m8:42:46 AM[22m [36m[1m[vite][22m[39m [34m[2m(rsc)[22m[39m [32mhmr update [39m[2m/app/globals.css[22m
[2m8:42:46 AM[22m [36m[1m[vite][22m[39m [34m[2m(rsc)[22m[39m [32mhmr update [39m[2m/app/globals.css[22m
[2m8:42:46 AM[22m [36m[1m[vite][22m[39m [34m[2m(rsc)[22m[39m [32mhmr update [39m[2m/app/globals.css[22m
[2m8:43:06 AM[22m [36m[1m[vite][22m[39m [34m[2m(rsc)[22m[39m [32mhmr update [39m[2m/app/globals.css[22m
[2m8:43:06 AM[22m [36m[1m[vite][22m[39m [34m[2m(rsc)[22m[39m [32mhmr update [39m[2m/app/globals.css[22m
[2m8:43:06 AM[22m [36m[1m[vite][22m[39m [34m[2m(rsc)[22m[39m [32mhmr update [39m[2m/app/globals.css[22m
[2m8:43:06 AM[22m [36m[1m[vite][22m[39m [34m[2m(rsc)[22m[39m [32mhmr update [39m[2m/app/globals.css[22m
[2m8:43:16 AM[22m [36m[1m[vite][22m[39m [34m[2m(rsc)[22m[39m [32mhmr update [39m[2m/app/globals.css[22m
[2m8:43:16 AM[22m [36m[1m[vite][22m[39m [34m[2m(rsc)[22m[39m [32mhmr update [39m[2m/app/globals.css[22m
[2m8:43:16 AM[22m [36m[1m[vite][22m[39m [34m[2m(rsc)[22m[39m [32mhmr update [39m[2m/app/globals.css[22m
[2m8:43:16 AM[22m [36m[1m[vite][22m[39m [34m[2m(rsc)[22m[39m [32mhmr update [39m[2m/app/globals.css[22m
[2m8:43:16 AM[22m [36m[1m[vite][22m[39m [34m[2m(rsc)[22m[39m [32mhmr update [39m[2m/app/globals.css[22m
[2m8:43:36 AM[22m [36m[1m[vite][22m[39m [34m[2m(rsc)[22m[39m [32mhmr update [39m[2m/app/globals.css[22m
[2m8:43:36 AM[22m [36m[1m[vite][22m[39m [34m[2m(rsc)[22m[39m [32mhmr update [39m[2m/app/globals.css[22m
[2m8:43:36 AM[22m [36m[1m[vite][22m[39m [34m[2m(rsc)[22m[39m [32mhmr update [39m[2m/app/globals.css[22m
[2m8:43:36 AM[22m [36m[1m[vite][22m[39m [34m[2m(rsc)[22m[39m [32mhmr update [39m[2m/app/globals.css[22m
[2m8:43:46 AM[22m [36m[1m[vite][22m[39m [34m[2m(rsc)[22m[39m [32mhmr update [39m[2m/app/globals.css[22m
[2m8:43:46 AM[22m [36m[1m[vite][22m[39m [34m[2m(rsc)[22m[39m [32mhmr update [39m[2m/app/globals.css[22m
[2m8:43:46 AM[22m [36m[1m[vite][22m[39m [34m[2m(rsc)[22m[39m [32mhmr update [39m[2m/app/globals.css[22m
[2m8:43:46 AM[22m [36m[1m[vite][22m[39m [34m[2m(rsc)[22m[39m [32mhmr update [39m[2m/app/globals.css[22m
[2m8:43:51 AM[22m [36m[1m[vite][22m[39m [34m[2m(rsc)[22m[39m [32mhmr update [39m[2m/app/globals.css[22m
[2m8:44:06 AM[22m [36m[1m[vite][22m[39m [34m[2m(rsc)[22m[39m [32mhmr update [39m[2m/app/globals.css[22m
[2m8:44:06 AM[22m [36m[1m[vite][22m[39m [34m[2m(rsc)[22m[39m [32mhmr update [39m[2m/app/globals.css[22m
[2m8:44:06 AM[22m [36m[1m[vite][22m[39m [34m[2m(rsc)[22m[39m [32mhmr update [39m[2m/app/globals.css[22m
[2m8:44:06 AM[22m [36m[1m[vite][22m[39m [34m[2m(rsc)[22m[39m [32mhmr update [39m[2m/app/globals.css[22m
[2m8:44:16 AM[22m [36m[1m[vite][22m[39m [34m[2m(rsc)[22m[39m [32mhmr update [39m[2m/app/globals.css[22m
[2m8:44:16 AM[22m [36m[1m[vite][22m[39m [34m[2m(rsc)[22m[39m [32mhmr update [39m[2m/app/globals.css[22m
[2m8:44:16 AM[22m [36m[1m[vite][22m[39m [34m[2m(rsc)[22m[39m [32mhmr update [39m[2m/app/globals.css[22m
[2m8:44:16 AM[22m [36m[1m[vite][22m[39m [34m[2m(rsc)[22m[39m [32mhmr update [39m[2m/app/globals.css[22m
